SF:lib\screens\role_selection_screen.dart
DA:9,1
DA:11,1
DA:12,1
DA:19,1
DA:21,1
DA:22,3
DA:23,3
DA:24,2
DA:29,1
DA:31,2
DA:32,1
DA:35,1
DA:37,1
DA:39,1
DA:42,1
DA:45,1
DA:46,0
DA:52,1
DA:53,1
DA:54,1
DA:55,1
DA:57,1
DA:58,2
DA:59,1
DA:62,1
DA:64,1
DA:65,1
DA:66,1
DA:69,1
DA:70,1
DA:71,1
DA:82,1
DA:83,1
DA:84,1
DA:85,1
DA:101,1
DA:111,2
DA:112,0
DA:113,0
DA:117,1
DA:127,2
DA:128,1
DA:129,3
DA:133,1
DA:135,1
DA:137,1
DA:138,1
DA:156,1
DA:174,1
DA:176,1
DA:178,1
DA:179,1
DA:181,1
DA:182,1
DA:183,1
DA:184,1
DA:187,1
DA:188,1
DA:189,1
DA:191,1
DA:192,1
DA:193,1
DA:196,1
DA:198,1
DA:199,1
DA:200,1
DA:206,1
DA:208,1
DA:209,1
DA:210,1
DA:211,1
DA:212,1
DA:215,1
DA:216,1
DA:217,1
DA:218,1
DA:219,1
DA:221,1
DA:222,1
DA:229,1
DA:230,1
DA:232,1
DA:233,1
DA:234,1
DA:242,1
DA:243,1
DA:253,1
DA:254,1
DA:255,1
DA:264,2
DA:265,2
DA:267,1
DA:269,1
DA:270,1
DA:272,1
DA:278,1
DA:279,1
LF:97
LH:94
end_of_record
SF:lib\theme\app_theme.dart
DA:30,0
DA:47,0
DA:48,0
DA:52,0
DA:57,0
DA:74,0
DA:75,0
DA:79,0
LF:8
LH:0
end_of_record
SF:lib\widgets\primary_button.dart
DA:5,4
DA:16,4
DA:18,4
DA:19,1
DA:24,2
DA:26,4
DA:31,8
DA:34,4
DA:35,4
DA:36,4
DA:37,4
DA:39,8
DA:42,4
LF:13
LH:13
end_of_record
SF:lib\screens\login_screen.dart
DA:7,0
DA:9,1
DA:10,1
DA:18,1
DA:20,1
DA:21,3
DA:22,3
DA:23,2
DA:28,1
DA:30,2
DA:31,1
DA:34,1
DA:35,2
DA:40,1
DA:42,1
DA:44,1
DA:45,1
DA:46,1
DA:47,1
DA:49,1
DA:50,2
DA:51,1
DA:53,1
DA:54,1
DA:57,1
DA:58,0
DA:64,1
DA:65,1
DA:67,1
DA:70,1
DA:71,2
DA:73,1
DA:74,1
DA:97,1
DA:100,2
DA:103,1
DA:106,0
DA:109,1
DA:136,1
DA:138,1
DA:139,1
DA:141,1
DA:145,1
DA:146,1
DA:162,1
DA:164,1
DA:165,1
DA:166,1
DA:169,1
DA:170,1
DA:173,1
DA:174,1
DA:178,1
DA:179,1
DA:180,2
DA:181,1
DA:182,1
DA:185,1
DA:186,1
DA:190,1
DA:199,1
DA:200,1
DA:201,1
DA:202,1
DA:204,1
DA:205,1
DA:206,1
DA:207,1
DA:208,2
DA:209,1
DA:221,1
DA:222,0
DA:231,1
DA:233,1
DA:234,1
DA:241,1
DA:243,1
DA:245,1
DA:246,0
DA:247,0
LF:80
LH:74
end_of_record
SF:lib\widgets\app_logo_badge.dart
DA:5,3
DA:14,1
DA:15,1
DA:18,1
DA:22,2
DA:23,2
DA:26,4
DA:30,3
DA:32,3
DA:33,3
DA:34,3
DA:35,3
DA:37,3
LF:13
LH:13
end_of_record
SF:lib\screens\calendar_screen.dart
DA:16,0
DA:18,1
DA:19,1
DA:30,1
DA:31,2
DA:36,0
DA:38,0
DA:39,0
DA:41,0
DA:42,0
DA:44,0
DA:46,0
DA:47,0
DA:49,0
DA:50,0
DA:55,1
DA:56,2
DA:57,7
DA:58,1
DA:59,2
DA:60,2
DA:63,4
DA:64,2
DA:65,2
DA:66,2
DA:72,1
DA:73,9
DA:76,1
DA:77,2
DA:78,1
DA:85,1
DA:100,5
DA:103,1
DA:104,3
DA:105,2
DA:107,3
DA:108,1
DA:109,3
DA:110,1
DA:112,2
DA:113,3
DA:116,2
DA:117,3
DA:118,2
DA:119,1
DA:120,1
DA:130,0
DA:131,0
DA:132,0
DA:136,1
DA:138,2
DA:140,1
DA:142,1
DA:143,1
DA:144,1
DA:146,1
DA:148,1
DA:149,1
DA:150,1
DA:151,0
DA:168,1
DA:169,1
DA:171,1
DA:173,1
DA:174,1
DA:176,1
DA:178,1
DA:179,1
DA:181,1
DA:182,1
DA:183,1
DA:184,3
DA:187,1
DA:188,1
DA:189,1
DA:190,2
DA:199,1
DA:200,2
DA:207,1
DA:209,1
DA:211,1
DA:212,1
DA:214,1
DA:215,1
DA:216,1
DA:229,1
DA:232,1
DA:239,1
DA:240,1
DA:241,1
DA:243,0
DA:244,0
DA:245,0
DA:305,1
DA:306,0
DA:307,2
DA:314,2
DA:318,1
DA:320,1
DA:322,1
DA:323,1
DA:336,1
DA:344,2
DA:359,1
DA:367,1
DA:369,2
DA:373,2
DA:374,2
DA:380,1
DA:381,1
DA:382,1
DA:383,1
DA:384,1
DA:386,1
DA:388,1
DA:390,1
DA:391,1
DA:392,3
DA:393,1
DA:399,2
DA:400,1
DA:402,1
DA:419,2
DA:435,1
DA:437,1
DA:439,1
DA:441,1
DA:442,1
DA:444,1
DA:445,1
DA:446,1
DA:449,1
DA:451,1
DA:453,2
DA:456,1
DA:457,1
DA:459,1
DA:460,1
DA:461,1
DA:469,1
DA:470,1
DA:479,1
DA:480,1
DA:481,1
DA:482,1
DA:491,1
DA:501,1
DA:503,1
DA:505,1
DA:506,1
DA:507,1
DA:509,1
DA:510,1
DA:511,1
DA:512,1
DA:522,1
DA:530,1
DA:532,1
DA:534,1
DA:535,1
DA:541,1
DA:542,1
DA:545,1
DA:546,1
DA:548,1
DA:558,1
DA:594,1
DA:595,1
DA:596,1
DA:602,1
DA:613,1
DA:615,1
DA:617,1
DA:624,1
LF:174
LH:155
end_of_record
SF:lib\screens\dashboard_screen.dart
DA:17,1
DA:19,0
DA:20,0
DA:22,0
DA:25,0
DA:27,0
DA:29,0
DA:30,0
DA:32,0
DA:33,0
DA:35,0
DA:36,0
DA:38,0
DA:39,0
DA:41,0
DA:42,0
DA:47,2
DA:49,2
DA:51,2
DA:52,2
DA:54,2
DA:55,2
DA:57,2
DA:59,2
DA:74,2
DA:76,2
DA:77,2
DA:79,2
DA:80,2
DA:83,2
DA:85,2
DA:93,2
DA:94,2
DA:96,2
DA:115,2
DA:116,2
DA:120,2
DA:127,2
DA:128,2
DA:140,2
DA:174,2
DA:175,2
DA:177,2
DA:178,2
DA:212,2
DA:217,2
DA:222,2
DA:224,2
DA:225,0
DA:226,2
DA:230,2
DA:231,2
DA:242,2
DA:243,2
DA:245,2
DA:246,2
DA:247,2
DA:258,2
DA:259,0
DA:260,2
DA:266,2
DA:298,2
DA:299,2
DA:301,2
DA:302,2
DA:303,2
DA:314,2
DA:315,0
DA:316,2
DA:322,2
DA:342,2
DA:344,2
DA:345,2
DA:347,2
DA:366,2
DA:367,0
DA:368,2
DA:375,2
DA:376,2
DA:385,2
DA:386,2
DA:388,2
DA:423,2
DA:425,2
DA:426,0
DA:427,2
DA:431,2
DA:432,2
DA:447,2
DA:448,0
DA:449,0
DA:456,1
DA:458,2
DA:460,2
DA:464,2
DA:466,2
DA:468,2
DA:487,2
DA:488,2
DA:499,2
DA:504,2
DA:505,2
DA:506,2
DA:542,2
DA:552,2
DA:554,2
DA:556,2
DA:557,2
DA:558,2
DA:559,4
DA:560,2
DA:561,2
DA:562,2
DA:568,2
DA:574,1
DA:588,2
DA:590,2
DA:592,2
DA:594,2
DA:595,2
DA:597,2
DA:598,2
DA:599,2
DA:602,2
DA:603,2
DA:604,2
DA:606,6
DA:609,2
DA:610,2
DA:618,4
DA:626,2
DA:636,2
DA:638,2
DA:640,2
DA:641,2
DA:642,2
DA:644,2
DA:645,2
DA:646,2
DA:647,2
DA:657,2
DA:662,2
DA:664,2
DA:665,2
DA:666,4
DA:668,4
DA:675,1
DA:689,2
DA:691,2
DA:692,2
DA:695,2
DA:696,2
DA:698,2
DA:699,2
DA:700,2
DA:708,2
DA:709,2
DA:715,2
DA:716,2
DA:717,2
DA:718,2
DA:726,1
DA:736,2
DA:738,2
DA:739,2
DA:740,2
DA:743,2
DA:745,2
DA:754,2
DA:755,2
DA:757,2
DA:758,2
DA:759,2
DA:767,2
DA:768,2
DA:772,2
DA:773,2
DA:785,1
DA:801,2
DA:803,2
DA:804,2
DA:805,2
DA:808,2
DA:809,2
DA:810,2
DA:812,6
DA:815,2
DA:816,2
DA:818,2
DA:819,2
DA:820,2
DA:828,2
DA:829,2
DA:835,2
DA:836,2
DA:849,2
DA:854,2
DA:856,2
DA:858,2
DA:859,2
DA:865,2
DA:866,2
DA:869,2
DA:870,2
DA:872,2
DA:882,2
DA:909,2
DA:910,2
DA:911,2
DA:917,2
DA:928,2
DA:930,2
DA:932,2
DA:939,2
LF:214
LH:192
end_of_record
SF:lib\screens\health_logs_screen.dart
DA:16,1
DA:18,1
DA:19,1
DA:25,1
DA:26,1
DA:28,1
DA:31,1
DA:33,1
DA:34,1
DA:36,0
DA:37,0
DA:39,0
DA:40,0
DA:42,0
DA:43,0
DA:45,0
DA:46,0
DA:51,1
DA:53,1
DA:55,1
DA:56,1
DA:57,1
DA:61,1
DA:63,1
DA:64,1
DA:65,1
DA:66,2
DA:82,1
DA:87,1
DA:89,1
DA:110,1
DA:111,1
DA:113,1
DA:115,1
DA:116,1
DA:117,1
DA:118,1
DA:119,1
DA:126,2
DA:130,1
DA:131,1
DA:139,0
DA:145,1
DA:146,1
DA:147,1
DA:148,1
DA:155,0
DA:159,1
DA:160,1
DA:169,0
DA:175,1
DA:177,1
DA:178,1
DA:179,1
DA:181,2
DA:182,0
DA:185,1
DA:187,2
DA:188,0
DA:191,1
DA:193,2
DA:194,0
DA:197,1
DA:199,2
DA:200,0
DA:203,1
DA:205,2
DA:206,0
DA:209,1
DA:211,2
DA:212,0
DA:213,0
DA:216,1
DA:218,2
DA:219,0
DA:220,0
DA:226,1
DA:235,1
DA:240,0
DA:243,1
DA:253,1
DA:254,0
DA:257,1
DA:267,1
DA:268,0
DA:271,1
DA:281,1
DA:282,0
DA:285,1
DA:295,0
DA:303,1
DA:304,2
DA:308,1
DA:309,2
DA:310,2
DA:317,1
DA:339,1
DA:341,1
DA:342,1
DA:343,1
DA:344,1
DA:346,1
DA:348,1
DA:349,1
DA:350,1
DA:351,1
DA:352,1
DA:358,1
DA:360,1
DA:361,1
DA:362,1
DA:363,1
DA:366,1
DA:367,1
DA:368,1
DA:370,3
DA:376,1
DA:377,1
DA:381,1
DA:382,1
DA:390,1
DA:391,1
DA:392,2
DA:393,3
DA:396,1
DA:397,1
DA:398,1
DA:400,1
DA:413,1
DA:423,1
DA:425,1
DA:426,1
DA:427,1
DA:428,1
DA:430,1
DA:431,1
DA:432,1
DA:433,1
DA:434,1
DA:437,1
DA:438,1
DA:439,1
DA:442,1
DA:451,1
DA:477,1
DA:479,1
DA:480,1
DA:481,1
DA:482,1
DA:484,1
DA:486,1
DA:487,1
DA:488,1
DA:489,1
DA:490,1
DA:496,1
DA:498,1
DA:499,1
DA:501,1
DA:502,1
DA:505,1
DA:506,1
DA:507,1
DA:509,3
DA:512,1
DA:513,1
DA:515,1
DA:516,1
DA:517,1
DA:524,2
DA:526,1
DA:527,1
DA:537,1
DA:542,1
DA:543,1
DA:544,1
DA:546,1
DA:547,1
DA:548,1
DA:549,1
DA:557,4
DA:559,1
DA:561,1
DA:563,1
DA:565,1
DA:567,1
DA:568,1
DA:569,2
DA:571,1
DA:580,1
DA:584,1
DA:585,1
DA:586,1
DA:589,1
DA:590,1
DA:603,1
DA:608,1
DA:610,1
DA:612,1
DA:613,1
DA:619,1
DA:620,1
DA:623,1
DA:624,1
DA:626,1
DA:636,1
DA:663,1
DA:664,1
DA:665,1
DA:671,1
DA:682,1
DA:684,1
DA:686,1
DA:693,1
LF:214
LH:189
end_of_record
SF:lib\screens\messages_screen.dart
DA:13,2
DA:15,1
DA:16,2
DA:21,2
DA:23,2
DA:24,1
DA:26,2
DA:27,0
DA:29,2
DA:30,0
DA:32,2
DA:34,0
DA:35,0
DA:40,2
DA:42,2
DA:44,2
DA:45,2
DA:46,2
DA:50,2
DA:52,2
DA:53,2
DA:54,2
DA:55,2
DA:75,2
DA:76,2
DA:78,2
DA:80,2
DA:81,2
DA:83,2
DA:85,2
DA:86,4
DA:88,2
DA:89,2
DA:90,2
DA:94,2
DA:95,2
DA:119,2
DA:121,2
DA:122,2
DA:126,2
DA:129,2
DA:133,0
DA:136,2
DA:140,0
DA:145,2
DA:147,2
DA:149,2
DA:150,2
DA:151,2
DA:152,2
DA:153,2
DA:159,2
DA:160,2
DA:161,2
DA:162,2
DA:163,2
DA:172,2
DA:176,2
DA:179,2
DA:180,2
DA:181,2
DA:183,2
DA:184,2
DA:196,2
DA:197,2
DA:198,2
DA:200,0
DA:203,2
DA:205,0
DA:208,2
DA:210,0
DA:224,2
DA:230,0
DA:233,2
DA:235,2
DA:237,2
DA:238,2
DA:239,2
DA:240,2
DA:241,2
DA:247,2
DA:249,2
DA:250,2
DA:251,2
DA:252,2
DA:255,2
DA:257,2
DA:266,2
DA:267,2
DA:300,2
DA:301,2
DA:302,2
DA:303,2
DA:304,0
DA:305,2
DA:309,2
DA:310,2
DA:317,2
DA:318,2
DA:319,0
DA:320,2
DA:324,2
DA:325,2
DA:337,2
DA:343,0
DA:351,2
DA:352,4
DA:353,2
DA:360,2
DA:372,2
DA:374,2
DA:375,2
DA:376,2
DA:377,2
DA:378,2
DA:379,2
DA:382,2
DA:384,2
DA:386,2
DA:387,2
DA:388,2
DA:398,2
DA:399,2
DA:407,2
DA:408,2
DA:421,2
DA:429,2
DA:431,2
DA:432,2
DA:433,2
DA:434,2
DA:436,2
DA:438,2
DA:439,2
DA:441,2
DA:442,2
DA:455,2
DA:471,2
DA:473,2
DA:474,2
DA:475,2
DA:476,2
DA:478,2
DA:480,2
DA:481,2
DA:482,2
DA:483,2
DA:484,2
DA:490,2
DA:492,2
DA:493,2
DA:496,2
DA:498,2
DA:500,2
DA:501,2
DA:502,2
DA:512,2
DA:513,2
DA:515,2
DA:516,2
DA:517,2
DA:518,2
DA:519,2
DA:520,2
DA:528,2
DA:529,2
DA:538,2
DA:539,2
DA:546,4
DA:548,2
DA:553,2
DA:555,2
DA:578,2
DA:586,2
DA:588,2
DA:590,2
DA:591,2
DA:597,2
DA:598,2
DA:601,2
DA:602,2
DA:604,2
DA:614,2
DA:650,2
DA:651,2
DA:652,2
DA:658,2
DA:669,2
DA:671,2
DA:673,2
DA:680,2
LF:191
LH:178
end_of_record
SF:lib\screens\notifications_screen.dart
DA:4,1
DA:6,1
DA:8,1
DA:9,1
LF:4
LH:4
end_of_record
SF:lib\screens\task_details_screen.dart
DA:4,1
DA:6,1
DA:8,1
DA:9,1
LF:4
LH:4
end_of_record
SF:lib\screens\signup_screen.dart
DA:15,1
DA:17,1
DA:18,1
DA:24,1
DA:25,2
DA:28,1
DA:30,1
DA:32,1
DA:33,1
DA:34,1
DA:35,1
DA:37,1
DA:38,2
DA:39,1
DA:42,1
DA:43,2
DA:65,1
DA:66,2
DA:76,1
DA:77,2
DA:78,1
DA:83,1
DA:84,2
DA:94,0
DA:95,0
DA:96,0
DA:101,1
DA:103,1
DA:126,1
DA:142,1
DA:144,1
DA:146,1
DA:147,1
DA:148,1
DA:151,1
DA:153,1
DA:154,1
DA:155,1
DA:156,1
DA:159,1
DA:161,1
DA:162,2
DA:163,1
DA:164,1
DA:165,1
DA:171,1
DA:172,1
DA:173,1
DA:176,1
DA:180,2
DA:183,1
DA:184,1
DA:193,1
DA:194,1
DA:202,5
DA:203,3
DA:204,5
DA:215,1
DA:219,1
DA:221,1
DA:223,1
DA:230,1
DA:231,1
DA:232,1
LF:64
LH:61
end_of_record
SF:lib\screens\profile_screen.dart
DA:11,1
DA:13,1
DA:14,1
DA:16,1
DA:19,1
DA:21,1
DA:22,1
DA:24,1
DA:25,0
DA:27,1
DA:28,0
DA:30,1
DA:31,0
DA:33,1
DA:38,1
DA:40,1
DA:42,1
DA:43,1
DA:44,1
DA:48,1
DA:50,1
DA:51,1
DA:62,1
DA:63,2
DA:64,1
DA:82,1
DA:83,1
DA:85,1
DA:87,1
DA:88,1
DA:89,1
DA:90,1
DA:91,1
DA:94,1
DA:96,1
DA:110,1
DA:111,1
DA:113,1
DA:133,1
DA:134,2
DA:135,1
DA:153,1
DA:154,1
DA:155,1
DA:156,1
DA:159,0
DA:164,1
DA:167,0
DA:187,1
DA:188,1
DA:189,1
DA:190,1
DA:197,2
DA:202,1
DA:209,0
DA:214,1
DA:216,1
DA:217,1
DA:221,0
DA:241,1
DA:242,1
DA:249,0
DA:267,1
DA:268,1
DA:269,1
DA:270,1
DA:276,2
DA:281,1
DA:287,2
DA:293,1
DA:294,1
DA:299,2
DA:303,1
DA:304,1
DA:309,2
DA:313,1
DA:314,1
DA:315,2
DA:316,1
DA:339,1
DA:340,2
DA:341,0
DA:348,1
DA:352,1
DA:354,1
DA:356,1
DA:358,1
DA:359,1
DA:360,1
DA:361,1
DA:362,1
DA:368,1
DA:374,1
DA:384,1
DA:386,1
DA:387,1
DA:388,2
DA:390,2
DA:397,1
DA:415,1
DA:417,1
DA:418,1
DA:419,1
DA:422,1
DA:423,1
DA:424,1
DA:426,3
DA:429,1
DA:430,1
DA:432,1
DA:433,1
DA:434,1
DA:442,1
DA:443,1
DA:449,1
DA:450,1
DA:451,1
DA:460,1
DA:476,1
DA:478,1
DA:479,1
DA:480,1
DA:481,1
DA:482,1
DA:483,1
DA:486,1
DA:487,1
DA:488,1
DA:490,3
DA:493,1
DA:494,1
DA:496,1
DA:497,1
DA:498,1
DA:505,2
DA:507,1
DA:508,1
DA:523,1
DA:528,1
DA:530,1
DA:532,1
DA:533,1
DA:539,1
DA:540,1
DA:543,1
DA:544,1
DA:546,1
DA:556,1
DA:583,1
DA:584,1
DA:585,1
DA:591,1
DA:602,1
DA:604,1
DA:606,1
DA:613,1
LF:156
LH:147
end_of_record
SF:lib\screens\welcome_screen.dart
DA:8,1
DA:10,1
DA:11,1
DA:17,1
DA:19,1
DA:20,3
DA:21,3
DA:22,2
DA:27,1
DA:29,2
DA:30,1
DA:33,1
DA:35,1
DA:36,1
DA:48,1
DA:49,1
DA:50,1
DA:51,1
DA:54,1
DA:55,2
DA:56,1
DA:58,1
DA:59,1
DA:60,1
DA:62,1
DA:64,1
DA:65,1
DA:66,1
DA:67,1
DA:68,1
DA:71,1
DA:73,1
DA:74,1
DA:76,1
DA:77,1
DA:78,1
DA:79,1
DA:124,1
DA:126,1
DA:127,1
DA:134,1
DA:135,1
DA:136,1
DA:137,1
LF:44
LH:44
end_of_record
SF:lib\widgets\feature_row.dart
DA:4,1
DA:19,1
DA:21,1
DA:23,1
DA:24,1
DA:27,1
DA:28,1
DA:29,1
DA:31,2
DA:34,1
DA:35,1
DA:37,1
DA:38,1
DA:39,1
DA:40,1
DA:41,1
DA:47,1
DA:48,1
DA:49,1
DA:50,1
LF:20
LH:20
end_of_record
SF:lib\screens\tasks_screen.dart
DA:18,1
DA:20,1
DA:21,2
DA:26,0
DA:28,0
DA:29,0
DA:31,0
DA:33,0
DA:34,0
DA:36,0
DA:37,0
DA:39,0
DA:40,0
DA:45,1
DA:47,1
DA:49,1
DA:50,1
DA:51,1
DA:53,1
DA:55,1
DA:56,1
DA:57,1
DA:58,0
DA:75,1
DA:76,1
DA:78,1
DA:80,1
DA:81,1
DA:115,1
DA:116,1
DA:117,1
DA:118,1
DA:119,2
DA:120,1
DA:124,1
DA:125,1
DA:133,1
DA:136,1
DA:137,0
DA:138,1
DA:141,1
DA:142,1
DA:151,1
DA:154,0
DA:157,1
DA:158,0
DA:159,0
DA:162,1
DA:173,1
DA:181,0
DA:182,0
DA:187,1
DA:195,0
DA:196,0
DA:206,1
DA:207,0
DA:208,0
DA:215,1
DA:229,1
DA:231,1
DA:233,1
DA:234,1
DA:235,1
DA:236,2
DA:238,1
DA:239,1
DA:240,1
DA:241,1
DA:242,1
DA:245,1
DA:249,1
DA:250,1
DA:263,1
DA:273,1
DA:275,1
DA:277,1
DA:279,1
DA:280,2
DA:282,1
DA:283,1
DA:284,1
DA:287,1
DA:289,1
DA:290,2
DA:292,2
DA:295,1
DA:296,1
DA:297,1
DA:305,1
DA:306,1
DA:307,1
DA:311,1
DA:312,1
DA:324,1
DA:332,1
DA:334,1
DA:336,1
DA:338,1
DA:339,1
DA:340,1
DA:341,1
DA:342,1
DA:348,1
DA:350,1
DA:351,1
DA:352,1
DA:353,1
DA:356,1
DA:358,1
DA:384,1
DA:407,1
DA:408,1
DA:409,1
DA:410,1
DA:411,1
DA:412,1
DA:416,1
DA:417,1
DA:424,1
DA:425,1
DA:426,1
DA:427,1
DA:431,1
DA:432,1
DA:447,1
DA:455,1
DA:457,1
DA:459,1
DA:460,1
DA:461,1
DA:462,1
DA:464,1
DA:465,1
DA:466,1
DA:468,1
DA:469,1
DA:477,1
DA:503,1
DA:505,1
DA:507,1
DA:509,1
DA:510,1
DA:511,1
DA:512,1
DA:513,1
DA:519,1
DA:521,1
DA:522,1
DA:524,1
DA:525,1
DA:528,1
DA:529,1
DA:530,1
DA:534,1
DA:535,1
DA:537,1
DA:538,1
DA:539,1
DA:540,2
DA:542,1
DA:543,1
DA:544,1
DA:555,1
DA:556,1
DA:568,1
DA:569,1
DA:572,2
DA:578,2
DA:581,1
DA:582,1
DA:589,1
DA:590,1
DA:596,1
DA:597,1
DA:598,1
DA:599,1
DA:600,1
DA:601,1
DA:605,1
DA:606,1
DA:609,2
DA:613,1
DA:614,1
DA:615,1
DA:616,1
DA:620,1
DA:621,1
DA:624,2
DA:636,1
DA:648,1
DA:650,1
DA:651,1
DA:652,1
DA:653,1
DA:655,1
DA:656,1
DA:657,1
DA:659,1
DA:660,1
DA:661,1
DA:662,1
DA:663,1
DA:672,1
DA:680,1
DA:682,1
DA:684,1
DA:685,1
DA:691,1
DA:692,1
DA:695,1
DA:696,1
DA:744,1
DA:745,1
DA:746,1
DA:752,1
DA:763,1
DA:765,1
DA:767,1
DA:774,1
LF:219
LH:198
end_of_record
